<?xml version="1.0" encoding="UTF-8"?>
<!-- Generated by org.testng.reporters.JUnitXMLReporter -->
<testsuite hostname="DE1TQ9PV2" ignored="0" name="Default test" tests="9" failures="0" timestamp="2022-02-04T20:27:41 IST" time="0.713" errors="0">
  <testcase name="testDeleteById" time="0.023" classname="com.github.test.game.GameServiceTest"/>
  <testcase name="testFindHistory" time="0.204" classname="com.github.test.game.GameServiceTest"/>
  <testcase name="testScoreListByName" time="0.003" classname="com.github.test.game.GameServiceTest"/>
  <testcase name="testScoreListByScore" time="0.003" classname="com.github.test.game.GameServiceTest"/>
  <testcase name="testScoreListPageByAfterStartTime" time="0.008" classname="com.github.test.game.GameServiceTest"/>
  <testcase name="testScoreListPageByName" time="0.002" classname="com.github.test.game.GameServiceTest"/>
  <testcase name="testScoreListPageByPlayerNamesAndEndTimePeriod" time="0.002" classname="com.github.test.game.GameServiceTest"/>
  <testcase name="testScoreListPageByStartAndEndTimePeriod" time="0.002" classname="com.github.test.game.GameServiceTest"/>
  <testcase name="testsave" time="0.003" classname="com.github.test.game.GameServiceTest"/>
</testsuite> <!-- Default test -->
